<?xml version="1.0" encoding="UTF-8"?>
<!-- Generated by org.testng.reporters.JUnitReportReporter -->
<testsuite hostname="onyxious" failures="0" tests="1" name="tests.assurity" time="3.975" errors="0" timestamp="2023-06-06T20:52:18 CST" skipped="0">
  <testcase classname="tests.assurity" name="responseValidation" time="3.975"/>
  <system-out/>
</testsuite> <!-- tests.assurity -->
